<?xml version="1.0" encoding="UTF-8"?>
<!-- Generated by org.testng.reporters.JUnitXMLReporter -->
<testsuite ignored="0" hostname="vtipl-c-pc855-l" failures="1" tests="1" name="Tenant Creation Test case" time="2801.743" errors="0" timestamp="2025-02-13T16:24:40 IST">
  <testcase classname="testCases.Tenant_creation" name="tenantCreation" time="2801.716">
    <failure type="org.openqa.selenium.NoSuchWindowException" message="Browsing context has been discarded
Build info: version: &amp;apos;4.11.0&amp;apos;, revision: &amp;apos;040bc5406b&amp;apos;
System info: os.name: &amp;apos;Linux&amp;apos;, os.arch: &amp;apos;amd64&amp;apos;, os.version: &amp;apos;3.10.0-1160.95.1.el7.x86_64&amp;apos;, java.version: &amp;apos;17.0.3&amp;apos;
Driver info: org.openqa.selenium.firefox.FirefoxDriver
Command: [d5a984b2-7fd7-4775-927d-1be893f182bc, screenshot {}]
Capabilities {acceptInsecureCerts: true, browserName: firefox, browserVersion: 115.6.0, moz:accessibilityChecks: false, moz:buildID: 20240111165138, moz:debuggerAddress: 127.0.0.1:12755, moz:geckodriverVersion: 0.33.0, moz:headless: false, moz:platformVersion: 3.10.0-1160.95.1.el7.x86_64, moz:processID: 6978, moz:profile: /tmp/rust_mozprofileVwlgjY, moz:shutdownTimeout: 60000, moz:useNonSpecCompliantPointerOrigin: false, moz:webdriverClick: true, moz:windowless: false, pageLoadStrategy: normal, platformName: linux, proxy: Proxy(), se:cdp: ws://127.0.0.1:12755/devtoo..., se:cdpVersion: 85.0, setWindowRect: true, strictFileInteractability: false, timeouts: {implicit: 0, pageLoad: 300000, script: 30000}, unhandledPromptBehavior: dismiss and notify}
Session ID: d5a984b2-7fd7-4775-927d-1be893f182bc">
      <![CDATA[org.openqa.selenium.NoSuchWindowException: Browsing context has been discarded
Build info: version: '4.11.0', revision: '040bc5406b'
System info: os.name: 'Linux', os.arch: 'amd64', os.version: '3.10.0-1160.95.1.el7.x86_64', java.version: '17.0.3'
Driver info: org.openqa.selenium.firefox.FirefoxDriver
Command: [d5a984b2-7fd7-4775-927d-1be893f182bc, screenshot {}]
Capabilities {acceptInsecureCerts: true, browserName: firefox, browserVersion: 115.6.0, moz:accessibilityChecks: false, moz:buildID: 20240111165138, moz:debuggerAddress: 127.0.0.1:12755, moz:geckodriverVersion: 0.33.0, moz:headless: false, moz:platformVersion: 3.10.0-1160.95.1.el7.x86_64, moz:processID: 6978, moz:profile: /tmp/rust_mozprofileVwlgjY, moz:shutdownTimeout: 60000, moz:useNonSpecCompliantPointerOrigin: false, moz:webdriverClick: true, moz:windowless: false, pageLoadStrategy: normal, platformName: linux, proxy: Proxy(), se:cdp: ws://127.0.0.1:12755/devtoo..., se:cdpVersion: 85.0, setWindowRect: true, strictFileInteractability: false, timeouts: {implicit: 0, pageLoad: 300000, script: 30000}, unhandledPromptBehavior: dismiss and notify}
Session ID: d5a984b2-7fd7-4775-927d-1be893f182bc
at org.openqa.selenium.remote.codec.w3c.W3CHttpResponseCodec.createException(W3CHttpResponseCodec.java:200)
at org.openqa.selenium.remote.codec.w3c.W3CHttpResponseCodec.decode(W3CHttpResponseCodec.java:133)
at org.openqa.selenium.remote.codec.w3c.W3CHttpResponseCodec.decode(W3CHttpResponseCodec.java:52)
at org.openqa.selenium.remote.HttpCommandExecutor.execute(HttpCommandExecutor.java:191)
at org.openqa.selenium.remote.service.DriverCommandExecutor.invokeExecute(DriverCommandExecutor.java:196)
at org.openqa.selenium.remote.service.DriverCommandExecutor.execute(DriverCommandExecutor.java:171)
at org.openqa.selenium.remote.RemoteWebDriver.execute(RemoteWebDriver.java:518)
at org.openqa.selenium.remote.RemoteWebDriver.execute(RemoteWebDriver.java:591)
at org.openqa.selenium.remote.RemoteWebDriver.execute(RemoteWebDriver.java:595)
at org.openqa.selenium.remote.RemoteWebDriver.getScreenshotAs(RemoteWebDriver.java:321)
at utils.commonFunctions.takeScreenshot(commonFunctions.java:132)
at testCases.Tenant_creation.tenantCreation(Tenant_creation.java:138)
at java.base/java.util.concurrent.ThreadPoolExecutor.runWorker(ThreadPoolExecutor.java:1136)
at java.base/java.util.concurrent.ThreadPoolExecutor$Worker.run(ThreadPoolExecutor.java:635)
at java.base/java.lang.Thread.run(Thread.java:833)
... Removed 17 stack frames]]>
    </failure>
  </testcase> <!-- tenantCreation -->
</testsuite> <!-- Tenant Creation Test case -->
