<?xml version="1.0" encoding="UTF-8"?>
<!-- Generated by org.testng.reporters.JUnitXMLReporter -->
<testsuite ignored="2" hostname="vtipl-c-pc855-l" failures="0" tests="2" name="Tenant Creation Test and add user testing in firefox browser" time="0.056" errors="0" timestamp="2025-02-17T13:48:22 IST">
  <testcase classname="testCases.Tenant_creation" name="tenantCreation" time="0.03"/>
  <testcase classname="testCases.AddUser" name="addUser" time="0.004"/>
  <testcase classname="utils.commonFunctions" name="@BeforeSuite openBrowser" time="0.0">
    <ignored/>
  </testcase> <!-- @BeforeSuite openBrowser -->
  <testcase classname="utils.commonFunctions" name="@AfterSuite tearDown" time="0.0">
    <ignored/>
  </testcase> <!-- @AfterSuite tearDown -->
</testsuite> <!-- Tenant Creation Test and add user testing in firefox browser -->
