<?xml version="1.0" encoding="UTF-8"?>
<!-- Generated by org.testng.reporters.JUnitXMLReporter -->
<testsuite ignored="0" hostname="vtipl-c-pc855-l" failures="0" tests="1" name="Tenant Creation Test case" time="0.022" errors="0" timestamp="2025-01-21T12:12:48 IST">
  <testcase classname="commonFunctions.commonFunctions" name="@BeforeSuite launchbrowser" time="0.005">
    <failure type="java.io.FileNotFoundException" message="./config.properties (No such file or directory)">
      <![CDATA[java.io.FileNotFoundException: ./config.properties (No such file or directory)
at java.base/java.io.FileInputStream.open0(Native Method)
at java.base/java.io.FileInputStream.open(FileInputStream.java:216)
at java.base/java.io.FileInputStream.<init>(FileInputStream.java:157)
at java.base/java.io.FileInputStream.<init>(FileInputStream.java:111)
at commonFunctions.commonFunctions.loadProperties(commonFunctions.java:37)
at commonFunctions.commonFunctions.launchbrowser(commonFunctions.java:51)
... Removed 19 stack frames]]>
    </failure>
  </testcase> <!-- @BeforeSuite launchbrowser -->
  <testcase classname="testCases.Tenant_creation" name="tenantCreation" time="0.0">
    <skipped/>
  </testcase> <!-- tenantCreation -->
</testsuite> <!-- Tenant Creation Test case -->
